Train 1/10: 100%|█████████████████████████████████████████████████████| 300/300 [00:14<00:00, 21.38it/s, loss=0.9180]
Train 1/10: loss=1.6135
Validate 1/10: 100%|███████████████████████████████████████████████████████████████████| 4/4 [00:06<00:00,  1.71s/it] 
Validate 1/10: percision=0.9152, recall=0.9152, f1-score=0.9152
Train 2/10: 100%|█████████████████████████████████████████████████████| 300/300 [00:12<00:00, 24.39it/s, loss=0.4714] 
Train 2/10: loss=0.6977
Validate 2/10: 100%|███████████████████████████████████████████████████████████████████| 4/4 [00:06<00:00,  1.63s/it] 
Validate 2/10: percision=0.9249, recall=0.9249, f1-score=0.9249
Train 3/10: 100%|█████████████████████████████████████████████████████| 300/300 [00:12<00:00, 24.79it/s, loss=0.3071] 
Train 3/10: loss=0.4309
Validate 3/10: 100%|███████████████████████████████████████████████████████████████████| 4/4 [00:06<00:00,  1.62s/it] 
Validate 3/10: percision=0.9298, recall=0.9298, f1-score=0.9298
Train 4/10: 100%|█████████████████████████████████████████████████████| 300/300 [00:13<00:00, 23.04it/s, loss=0.3449] 
Train 4/10: loss=0.3402
Validate 4/10: 100%|███████████████████████████████████████████████████████████████████| 4/4 [00:07<00:00,  1.82s/it] 
Validate 4/10: percision=0.9320, recall=0.9320, f1-score=0.9320
Train 5/10: 100%|█████████████████████████████████████████████████████| 300/300 [00:12<00:00, 24.61it/s, loss=0.1826]
Train 5/10: loss=0.2963
Validate 5/10: 100%|███████████████████████████████████████████████████████████████████| 4/4 [00:06<00:00,  1.63s/it] 
Validate 5/10: percision=0.9335, recall=0.9335, f1-score=0.9335
Train 6/10: 100%|█████████████████████████████████████████████████████| 300/300 [00:12<00:00, 24.99it/s, loss=0.9121] 
Train 6/10: loss=0.2721
Validate 6/10: 100%|███████████████████████████████████████████████████████████████████| 4/4 [00:06<00:00,  1.70s/it] 
Validate 6/10: percision=0.9370, recall=0.9370, f1-score=0.9370
Train 7/10: 100%|█████████████████████████████████████████████████████| 300/300 [00:12<00:00, 24.20it/s, loss=0.0261] 
Train 7/10: loss=0.2545
Validate 7/10: 100%|███████████████████████████████████████████████████████████████████| 4/4 [00:07<00:00,  1.85s/it] 
Validate 7/10: percision=0.9400, recall=0.9400, f1-score=0.9400
Train 8/10: 100%|█████████████████████████████████████████████████████| 300/300 [00:12<00:00, 23.66it/s, loss=0.1538] 
Train 8/10: loss=0.2398
Validate 8/10: 100%|███████████████████████████████████████████████████████████████████| 4/4 [00:06<00:00,  1.62s/it] 
Validate 8/10: percision=0.9401, recall=0.9401, f1-score=0.9401
Train 9/10: 100%|█████████████████████████████████████████████████████| 300/300 [00:12<00:00, 24.80it/s, loss=0.1731] 
Train 9/10: loss=0.2308
Validate 9/10: 100%|███████████████████████████████████████████████████████████████████| 4/4 [00:06<00:00,  1.68s/it] 
Validate 9/10: percision=0.9408, recall=0.9408, f1-score=0.9408
Train 10/10: 100%|████████████████████████████████████████████████████| 300/300 [00:12<00:00, 24.58it/s, loss=0.0524] 
Train 10/10: loss=0.2239
Validate 10/10: 100%|██████████████████████████████████████████████████████████████████| 4/4 [00:06<00:00,  1.68s/it] 
Validate 10/10: percision=0.9407, recall=0.9407, f1-score=0.9407